2021-11-16 15:31:01,688: service started after 0.023583 secs
2021-11-16 15:31:01,688: manager zmq iface address: tcp://0.0.0.0:5672
2021-11-16 15:31:01,692: connecting to the PJM @ tcp://0.0.0.0:5672
2021-11-16 15:31:01,693: connection established
2021-11-16 15:31:01,704: waiting for finish of 37 jobs
2021-11-16 15:31:02,078: still 37 jobs not finished
2021-11-16 15:31:04,081: still 37 jobs not finished
2021-11-16 15:31:06,085: still 3 jobs not finished
2021-11-16 15:31:08,088: all jobs finished
2021-11-16 15:31:08,113: waiting for finish of 72 jobs
2021-11-16 15:31:09,346: still 72 jobs not finished
2021-11-16 15:31:11,350: still 72 jobs not finished
2021-11-16 15:31:13,354: still 72 jobs not finished
2021-11-16 15:31:15,358: still 67 jobs not finished
2021-11-16 15:31:17,364: all jobs finished
2021-11-16 15:31:17,395: waiting for finish of 106 jobs
2021-11-16 15:31:19,631: still 106 jobs not finished
2021-11-16 15:31:21,636: still 106 jobs not finished
2021-11-16 15:31:23,641: still 106 jobs not finished
2021-11-16 15:31:25,646: still 106 jobs not finished
2021-11-16 15:31:27,651: still 101 jobs not finished
2021-11-16 15:31:29,656: still 75 jobs not finished
